20230916	08:57:03	50176b65-c81c-498f-970f-d461e2030c11	GET	/	undefined
20230916	08:57:03	97398225-fb9c-4dfb-83e0-b264336c0c59	GET	/public/css/style.css	undefined
20230916	08:57:03	600e914c-b067-4aa4-af61-68d4045ef075	GET	/public/css/main.css	undefined
20230916	08:57:03	b86476aa-db74-4fae-b023-001e7d64a250	GET	/assets/icon_placeholder.svg	undefined
20230916	08:57:03	6475c682-4a1c-4194-a171-3b07e3a00a2a	GET	/scripts/bgScroll.js	undefined
20230916	08:57:03	5dc8737c-dbd1-41df-a963-6449364a1cf6	GET	/scripts/topNav.js	undefined
20230916	08:57:03	ab4891ef-8bb6-4e1f-95a9-c8c86b3138f7	GET	/favicon.ico	undefined
20230916	08:57:08	d903dea3-3163-4d7c-8d23-d38967998cd1	GET	/	undefined
20230916	08:57:08	645109da-4baa-4935-abeb-5a511bfdb038	GET	/public/css/main.css	undefined
20230916	08:57:08	02196032-1691-40e5-b69d-9912e9688710	GET	/public/css/style.css	undefined
20230916	08:57:08	71d4f921-d667-487e-a457-e6b2f5b3ce83	GET	/scripts/bgScroll.js	undefined
20230916	08:57:08	ba72a841-fd53-46b9-b87b-e909d955edaf	GET	/assets/icon_placeholder.svg	undefined
20230916	08:57:08	30157c65-a7f5-4501-bafd-a259250bc8a4	GET	/scripts/topNav.js	undefined
20230916	08:59:07	9a873e18-9820-472c-8e13-8a91a127cb37	GET	/	undefined
20230916	08:59:07	0e2129cd-e57b-49d5-aa1a-50dbc06f27d2	GET	/public/css/style	undefined
20230916	08:59:07	5161462c-535d-4a7c-ac1d-3f363fa18364	GET	/public/css/main	undefined
20230916	08:59:07	af09a2c1-46ba-46c3-8bba-5c71f87612cf	GET	/assets/icon_placeholder.svg	undefined
20230916	08:59:07	8662a35d-7813-406d-8c9c-920e87f4dd63	GET	/scripts/bgScroll.js	undefined
20230916	08:59:07	670d0e57-257f-43ce-a49e-bc1af297777f	GET	/scripts/topNav.js	undefined
20230916	11:41:28	4764c043-42dc-4f70-b80e-c329b3e48636	GET	/public/css/style	undefined
20230916	11:41:28	1b11cf71-31a6-4cf5-9a8e-77ab1f86879d	GET	/public/css/main	undefined
20230916	11:41:28	2b5420eb-b7fa-46a4-a971-6db82982b7a2	GET	/assets/icon_placeholder.svg	undefined
20230916	11:41:28	0e3ff01e-d53a-4bdb-b09e-5bbaf39bd65f	GET	/scripts/bgScroll.js	undefined
20230916	11:41:28	28e12142-43c3-45cd-a5c5-2cfc439a3a7b	GET	/scripts/topNav.js	undefined
20230916	11:41:53	a5f5fee1-c433-4e3d-86bc-5c07677de535	GET	/public/css/main	undefined
20230916	11:41:53	088ce44f-7228-47ca-a22e-1c28fc8940a7	GET	/public/css/style	undefined
20230916	11:44:50	6ba6f2b5-2ec0-48c3-b5bd-353a449d2f26	GET	/	undefined
20230916	11:45:08	cfca8890-5a68-4d78-99ef-68137047400f	GET	/	undefined
20230916	16:48:45	a32863ac-a0e1-4be9-9cad-1001b9f3faa1	GET	/	undefined
20230916	16:49:15	8b937454-e81a-4654-b604-f5c720474bb4	GET	/	undefined
20230917	08:08:18	5e00d71d-1a04-4464-9956-573a50b9d025	OPTIONS	/	https://forum.bricksbuilder.io
20230917	08:08:18	2c1cba5e-7344-4786-8c27-3f8402f9d885	GET	/	https://forum.bricksbuilder.io
20230917	09:04:00	c25e0eb4-3789-460b-817b-de0b4d1e5efa	GET	/	undefined
20230917	09:04:16	2e78aaf9-5ab5-42fa-9ae1-9c9e4431eeac	GET	/	undefined
20230917	09:26:01	c6f32055-5c26-4367-bafc-34de06f9b87e	GET	/	undefined
20230917	09:36:57	eadd641d-dc6f-4bc2-a371-ff7efea150b6	OPTIONS	/	https://www.shutterstock.com
20230917	09:36:57	97d3d9c2-d177-44dc-909b-e7e1a271174b	GET	/	https://www.shutterstock.com
20230917	09:37:07	3a27ad6b-fa14-4c96-b4ad-b239fe1815b5	OPTIONS	/	https://www.shutterstock.com
20230917	09:37:07	6cd60b33-6f00-454c-b742-4bbf09ee7fc7	GET	/	https://www.shutterstock.com
20230917	09:37:12	1ead5806-5094-4faf-89f8-dc7defaee5dc	GET	/	https://www.shutterstock.com
20230920	21:49:07	382e174a-d59a-42ea-87d1-c3af27d5695d	GET	/users	undefined
20230920	21:53:22	8d1d37d7-028b-4339-a46b-38d74aed3edb	GET	/users	undefined
20230920	21:54:44	c4209b8c-48b4-4cea-bd65-709dceb6f9ec	GET	/users	undefined
20230920	21:55:12	5ce37e19-1b72-4977-ba89-67f42f7287bf	GET	/users	undefined
20230920	21:56:50	5dc45d4b-8b38-4a2e-a239-8fac1a7eb4e1	GET	/users	undefined
20230920	21:59:08	adb903b4-0e2b-4e49-85f4-3b445ce79dc9	GET	/users	undefined
20230920	22:03:40	4768fe0c-8738-4fde-90d2-8945e242e945	GET	/users	undefined
20230920	22:06:11	9faca8a5-bfa3-4986-b4e2-04739e9c7607	GET	/users	undefined
20230920	22:08:12	ce57e893-f213-4cff-a0fd-939442556bd7	GET	/users	undefined
20230920	22:10:38	a8d8a966-2d1d-46b9-865e-e0c0c5a7c291	GET	/	undefined
20230920	22:10:39	13de447a-9ff9-44aa-98e6-ca9839e2bac1	GET	/users	undefined
20230920	22:11:28	a339ad4d-b35e-40fd-b45d-43f93add545d	GET	/	undefined
20230920	22:16:57	fcca58fb-d6e1-4400-a331-2b686efb1ab7	GET	/users	undefined
20230920	22:17:33	03d2e27c-c554-4325-8cff-97d15996ca1d	GET	/users	undefined
20230920	22:18:28	1ded318b-c847-4c03-9bef-03d831e669a4	GET	/	undefined
20230920	22:18:50	7a4654a3-8c59-4921-91d4-93f3dbdf2476	GET	/	undefined
20230920	22:18:55	602e1ba3-7aec-48ca-89e7-4ae3a579d681	GET	/users	undefined
20230920	22:19:11	6372c84a-4290-4347-8075-0e062ec2645f	GET	/users	undefined
20230920	22:27:46	eb699288-60bc-40c4-8a4a-ff9e69a1b1ff	GET	/users	undefined
20230921	09:41:25	eb0b41cc-8412-4672-9165-0a7121fa03db	GET	/users	undefined
20230921	09:46:39	798e2ca9-f60d-4b19-8c98-1360b7117c56	GET	/	undefined
20230921	09:46:56	cde60529-b20e-4315-88d9-edd6020d02fd	GET	/	undefined
20230921	09:47:38	143efb00-3e94-4caa-bd77-8527f16273e1	GET	/	undefined
20230921	09:48:14	212b9a79-95c3-485b-8502-96fbbe195e1a	GET	/	undefined
20230921	09:48:16	cb595712-e03c-4799-888d-204edda6a5b3	GET	/	undefined
20230921	09:48:50	0e7e08ab-31c9-473a-9fbc-afac53f79103	GET	/	undefined
20230921	09:49:29	f0e9b239-271d-4f60-bf09-ea934bc02927	GET	/	undefined
20230921	09:49:52	ef8ad4cf-c1f8-4e51-a04d-e77b00d83ff7	GET	/	undefined
20230921	09:50:19	7119b16b-f724-4265-8ada-f40caf2e7c08	GET	/	undefined
20230921	09:50:21	7e1de2aa-3810-4f5e-86b6-69c8030d2046	GET	/	undefined
20230921	09:50:23	f6a7092c-c24d-4554-b342-f88cfe8baaf7	GET	/	undefined
20230921	09:50:46	5aa507a7-9887-412e-b777-45ab93333c23	GET	/	undefined
20230921	09:51:10	f33c6be4-8cd6-416b-92ec-46bc1943f5da	GET	/	undefined
20230921	09:51:17	b3dc52a6-9442-48dc-a50a-8effb6eaff49	GET	/	undefined
20230921	09:56:10	8ba28d67-24cb-4784-a5c7-046d050505a2	GET	/	undefined
20230921	10:39:07	b038f6ae-3ce9-4379-95bc-773e2aa9b920	GET	/	undefined
20230921	10:53:07	2bcc90ee-8942-4cb4-b1fd-ad4314680a90	GET	/	undefined
20230921	10:57:30	e0430475-0439-4372-a4fb-5c0d584cd3f3	GET	/	undefined
20230921	10:58:05	3d258066-bfee-4c43-b591-04c219839233	GET	/	undefined
20230921	10:58:50	cd75a565-248f-4193-85b6-787258debb1c	GET	/users	undefined
20230921	11:10:25	ac29e4c4-6d9b-4ac9-94f7-a80a9b9babdb	GET	/users	undefined
20230921	11:10:40	0f4fbf63-4739-4d78-b70d-d91d056688c7	GET	/users	undefined
20230921	11:10:50	1412e62d-80f0-4708-be24-ef3de07a2468	GET	/	undefined
20230921	11:12:07	63adfbe8-bb03-4c40-b587-e001810e3667	GET	/	undefined
20230921	11:14:22	aeaf52ca-3234-469b-a96f-04a89749b9bf	GET	/	undefined
20230921	11:14:43	f076a71e-a53c-4938-9d7d-c21083a4b998	GET	/users	undefined
20230921	11:15:01	b8124e7a-4210-4ea5-a64e-cabd712327fd	GET	/	undefined
20230921	11:16:59	10c0da2d-2725-4bf8-b5f8-9620beb2460e	GET	/	undefined
20230921	11:17:04	192a4fd1-a25b-4a2e-aeb0-56aa6cbbdb4e	GET	/users	undefined
20230921	11:34:12	9deba508-935f-4c39-80a3-43bb6a4fba1a	GET	/	undefined
20230921	11:34:19	ca98de4a-ca18-4525-8b62-3000e5740f2f	GET	/users	undefined
20230921	11:37:56	02a8ba50-0bca-4af9-ab09-0be50374f63f	GET	/users	undefined
20230921	11:41:22	5b0422eb-29ad-421c-aa14-9e2623eb3922	GET	/users	undefined
20230921	11:44:36	0bf688e4-7080-4742-9348-6c611abba2f1	GET	/users	undefined
20230921	11:53:15	e2500cd4-0737-464e-9a0a-e96f2ee8ef42	GET	/users	undefined
20230921	11:54:21	79b96585-8d60-4f95-ba90-36f791388f88	GET	/users	undefined
20230921	11:54:40	cf2ed846-33a7-44c5-8ae5-224f9cdf6d82	GET	/users	undefined
20230921	11:55:00	41f17c3a-b2ac-4c4e-96f3-d9e0cc0d3ba2	GET	/users	undefined
20230921	12:00:10	fb42d42b-41a1-45b3-9a4f-7ea58b0f1b8d	GET	/users	undefined
20230921	12:00:59	b87bceb8-ad74-4d20-8711-340e270a3e24	GET	/users	undefined
20230921	12:01:15	5922fc30-181b-4076-9b9a-689c2a9da904	GET	/users	undefined
20230921	12:01:34	f1d08b64-3f53-4369-b094-ab80f15fe380	GET	/users	undefined
20230921	12:01:42	29366613-22a8-4d7b-ab69-da878dafd47e	GET	/users	undefined
20230921	12:01:52	1a22fea9-746c-4b07-8715-bc8e5f66bc9f	GET	/users	undefined
20230921	12:02:04	547f78cc-eeaa-408b-a968-6fdc1a7ca60b	GET	/users	undefined
20230921	12:02:28	f903ef5a-72bc-4e3b-82e1-8cc0e836713b	GET	/users	undefined
20230921	12:02:45	9fe05497-c983-43c8-a164-297ab79c320d	GET	/users	undefined
20230921	12:04:39	97256fb3-6c06-4704-9d03-cccaebf38806	GET	/	undefined
20230921	12:07:26	a1f3c4df-0caf-45a0-bc81-8a7ab33c389c	GET	/	undefined
20230921	12:07:26	fea508fc-e35f-4d70-8cd2-c5323cd09d07	GET	/	undefined
20230921	12:11:20	8af63e09-14ec-4778-8f09-d1fb18689f57	GET	/	undefined
20230921	12:12:41	b5f7f998-163c-424b-a780-43277d3d6781	GET	/	undefined
20230921	12:17:28	0cf73348-6cdb-4663-8e58-c4c39429c70f	GET	/	undefined
20230921	12:17:53	51a85fc6-c833-48b3-9603-c267257ce5ea	GET	/users	undefined
20230921	12:18:01	735697fa-ad71-4297-a906-1cece3c154d7	GET	/	undefined
20230921	12:18:44	b68dbf77-a559-4c57-8cbe-bc86e94731a5	GET	/	undefined
20230921	12:18:53	ab7f6336-fd2a-4800-a2a7-7f388f0056c2	GET	/users	undefined
20230921	12:21:42	2e4efabf-1668-4bcc-8469-06245e99b02b	GET	/users	undefined
20230921	12:22:46	01c28c88-bb86-4073-b0ef-0771c70317f5	GET	/users	undefined
20230921	12:23:52	9c151b09-3695-412d-a510-7ccf7a89d582	GET	/users	undefined
20230921	12:24:58	5ec2abb9-c224-49d0-a5c5-9504e472cf6d	GET	/users	undefined
20230921	12:25:41	ab599a48-d0cb-400e-bcb0-0926d1eb3ee4	GET	/users	undefined
20230921	12:25:49	0552cacf-1d29-4771-a155-45d243f4641e	GET	/	undefined
20230921	12:36:44	6eee1dad-f67f-4fe8-9c3f-7523f01c1d2a	GET	/users	undefined
20230921	12:37:06	378fa06d-ff8e-43a1-845e-2c0105f6f7ac	GET	/	undefined
20230921	12:39:00	bbc15e44-2aa1-431a-a6da-151c08979578	GET	/	undefined
20230921	12:39:01	5232ec01-af89-43f7-a12d-33f6d60224e3	GET	/	undefined
20230921	12:39:12	bda52a6e-3704-400b-85c8-89fc6d25fc36	GET	/	undefined
20230921	12:39:20	d98aaa58-5532-4e94-9ae5-ebf11bc4c703	GET	/	undefined
20230921	12:43:39	59597327-f31e-4e85-925f-b61f6ffe2311	GET	/users	undefined
20230921	12:44:27	f2d86505-bb8b-49de-a72c-64ab8eeb1278	GET	/users	undefined
20230921	12:44:34	ad2525a3-ccab-4483-a93e-5df501843366	GET	/users	undefined
20230921	12:45:56	494e1ff8-c7f0-4d13-994d-ed16a173515c	GET	/users	undefined
20230921	14:06:32	d0a1da48-1d95-4687-8eef-0778d55f5b7b	GET	/	undefined
20230921	14:06:42	8c62406d-a39d-423b-b885-3a8c18c49cc7	GET	/users	undefined
20230921	14:17:39	782708b7-c187-4ba4-a54d-cd94ecc6a2f8	GET	/users	undefined
20230921	14:22:34	671eaa3d-8d7e-488b-b57e-769adb1ecbe7	POST	/users	undefined
20230921	14:53:35	b36b2b03-d2c0-47df-9e83-09b740311a44	POST	/users	undefined
20230921	14:53:53	50806010-f1bb-4719-b2f9-8aeecfd25939	POST	/users	undefined
20230921	14:54:09	6d938275-addc-4471-9b9d-c688d7085aef	GET	/users	undefined
20230921	14:57:52	558f95d0-7e79-49aa-8e39-aa0068a938dc	PATCH	/users	undefined
20230921	14:58:04	2bbb9902-8cc4-4fd0-b281-c12703a3deb1	GET	/users	undefined
20230921	14:58:16	f2c86bad-c2ac-42e2-a3c7-336f26799ffc	PATCH	/users	undefined
20230921	14:58:32	1515bd9e-346b-4e9e-9258-122063aacf2f	DELETE	/users	undefined
20230921	14:58:42	81459961-12c4-47c4-a4e8-f969faece26b	DELETE	/users	undefined
20230921	14:58:50	c913cc25-346e-4df4-a1a6-2f8f38c2c3fc	GET	/users	undefined
20230921	14:59:02	0c4d8407-6abd-4ab5-bc2a-d4f49f91b0a7	DELETE	/users	undefined
20230921	14:59:07	649fe0a6-7727-46bd-8c91-c6fe95967fae	GET	/users	undefined
20230921	15:01:29	67875d1a-5d17-4496-b889-17478133a52d	POST	/users	undefined
20230921	15:01:38	ffae42b6-3b38-4bdd-b2ec-61eda69fb6c7	GET	/users	undefined
20230921	15:02:08	91b0c0f1-c93c-48d7-8cab-dfefd45ef846	GET	/users	undefined
20230921	15:02:17	5d61229b-35ba-4add-ae5a-c6743f586100	PATCH	/users	undefined
20230922	23:26:01	e7484f54-105e-4d3a-adcf-5fd4b3a8b2ae	PATCH	/users	undefined
20230922	23:26:17	82570897-99ed-4f97-a16f-8c1ce48498d7	PATCH	/users	undefined
20230922	23:27:07	246d76a5-7374-47c3-8036-120f71afedbf	PATCH	/users	undefined
20230922	23:28:27	e9a90825-370f-4abf-85fa-6891e45f25d9	PATCH	/users	undefined
20230922	23:29:37	7cb2bb49-1b0b-4c58-b4eb-3c59df3c02a0	PATCH	/users	undefined
20230922	23:30:27	a3115aca-10ce-40ef-b66a-5089e0e77703	PATCH	/users	undefined
20230922	23:31:17	98161d31-6b39-45bc-bf0f-6bd32afbc989	PATCH	/users	undefined
20230922	23:31:36	bbe268e1-0c97-4ed4-b497-4dc498c2788a	PATCH	/users	undefined
20230922	23:33:26	b7ab3d2e-742c-4afc-95f0-cbce3e3182b9	GET	/	undefined
20230922	23:34:02	cef81949-b541-4b1b-bf65-91a5449cf18f	GET	/	undefined
20230923	00:03:29	4b16c9be-dc5b-481a-942e-d92656832aad	GET	/	undefined
20230923	00:03:29	4b339247-5b09-4ebe-a58b-925a8f15755a	GET	/public/css/style.css	undefined
20230923	00:03:29	f53509a7-2262-4973-9e0d-ea1c1af80ba8	GET	/public/css/main.css	undefined
20230923	00:03:29	711efec0-3729-45f3-a2c5-795c6812b4cf	GET	/assets/icon_placeholder.svg	undefined
20230923	00:03:29	0e821063-b1f4-4da2-b3c4-f38e12ecdf8b	GET	/scripts/bgScroll.js	undefined
20230923	00:03:29	6dd44747-50aa-468a-bf70-97b132258457	GET	/scripts/topNav.js	undefined
